\BOOKMARK [1][-]{section.1}{\376\377\000I\000n\000t\000r\000o\000d\000u\000c\000c\000i\000\363\000n}{}% 1
\BOOKMARK [1][-]{section.2}{\376\377\000\277\000Q\000u\000\351\000\040\000e\000s\000\040\000S\000e\000m\000a\000p\000h\000o\000r\000e\000?}{}% 2
\BOOKMARK [1][-]{section.3}{\376\377\000E\000n\000t\000i\000d\000a\000d\000e\000s\000\040\000f\000u\000n\000d\000a\000m\000e\000n\000t\000a\000l\000e\000s}{}% 3
\BOOKMARK [2][-]{subsection.3.1}{\376\377\000I\000d\000e\000n\000t\000i\000d\000a\000d}{section.3}% 4
\BOOKMARK [2][-]{subsection.3.2}{\376\377\000G\000r\000u\000p\000o}{section.3}% 5
\BOOKMARK [2][-]{subsection.3.3}{\376\377\000N\000u\000l\000l\000i\000f\000i\000e\000r}{section.3}% 6
\BOOKMARK [2][-]{subsection.3.4}{\376\377\000H\000a\000s\000h\000\040\000p\000r\000u\000n\000i\000n\000g\000\040\000y\000\040\000c\000o\000f\000a\000c\000t\000o\000r}{section.3}% 7
\BOOKMARK [1][-]{section.4}{\376\377\000A\000l\000g\000o\000r\000i\000t\000m\000o\000\040\000d\000e\000\040\000f\000i\000r\000m\000a}{}% 8
\BOOKMARK [1][-]{section.5}{\376\377\000C\000u\000r\000v\000a\000s\000\040\000e\000l\000\355\000p\000t\000i\000c\000a\000s}{}% 9
\BOOKMARK [2][-]{subsection.5.1}{\376\377\000S\000e\000g\000u\000r\000i\000d\000a\000d}{section.5}% 10
\BOOKMARK [2][-]{subsection.5.2}{\376\377\000C\000u\000r\000v\000a\000s\000\040\000c\000a\000n\000d\000i\000d\000a\000t\000a\000s}{section.5}% 11
\BOOKMARK [2][-]{subsection.5.3}{\376\377\000I\000m\000p\000a\000c\000t\000o\000\040\000e\000n\000\040\000h\000a\000s\000h\000\040\000p\000r\000u\000n\000i\000n\000g}{section.5}% 12
\BOOKMARK [2][-]{subsection.5.4}{\376\377\000P\000a\000r\000\341\000m\000e\000t\000r\000o\000s\000\040\000a\000d\000i\000c\000i\000o\000n\000a\000l\000e\000s}{section.5}% 13
\BOOKMARK [1][-]{section.6}{\376\377\000C\000i\000r\000c\000u\000i\000t\000o\000\040\000a\000r\000i\000t\000m\000\351\000t\000i\000c\000o\000\040\000d\000e\000\040\000S\000e\000m\000a\000p\000h\000o\000r\000e}{}% 14
\BOOKMARK [2][-]{subsection.6.1}{\376\377\000E\000n\000t\000r\000a\000d\000a\000s\000\040\000y\000\040\000s\000a\000l\000i\000d\000a\000s}{section.6}% 15
\BOOKMARK [2][-]{subsection.6.2}{\376\377\000G\000e\000n\000e\000r\000a\000c\000i\000\363\000n\000\040\000d\000e\000\040\000l\000a\000\040\000i\000d\000e\000n\000t\000i\000d\000a\000d\000\040\000d\000e\000n\000t\000r\000o\000\040\000d\000e\000l\000\040\000c\000i\000r\000c\000u\000i\000t\000o}{section.6}% 16
\BOOKMARK [2][-]{subsection.6.3}{\376\377\000R\000e\000s\000t\000r\000i\000c\000c\000i\000\363\000n\000\040\000d\000e\000\040\000r\000a\000n\000g\000o\000\040\000s\000o\000b\000r\000e\000\040\000e\000l\000\040\000s\000e\000c\000r\000e\000t\000o}{section.6}% 17
\BOOKMARK [2][-]{subsection.6.4}{\376\377\000V\000e\000r\000i\000f\000i\000c\000a\000c\000i\000\363\000n\000\040\000d\000e\000\040\000p\000e\000r\000t\000e\000n\000e\000n\000c\000i\000a\000\040\000a\000l\000\040\000g\000r\000u\000p\000o}{section.6}% 18
\BOOKMARK [2][-]{subsection.6.5}{\376\377\000G\000e\000n\000e\000r\000a\000c\000i\000\363\000n\000\040\000d\000e\000l\000\040\000n\000u\000l\000l\000i\000f\000i\000e\000r}{section.6}% 19
\BOOKMARK [2][-]{subsection.6.6}{\376\377\000E\000l\000\040\000r\000o\000l\000\040\000d\000e\000l\000\040\000m\000e\000n\000s\000a\000j\000e}{section.6}% 20
\BOOKMARK [2][-]{subsection.6.7}{\376\377\000D\000e\000s\000c\000r\000i\000p\000c\000i\000\363\000n\000\040\000a\000l\000g\000e\000b\000r\000a\000i\000c\000a\000\040\000d\000e\000\040\000l\000a\000\040\000r\000e\000l\000a\000c\000i\000\363\000n}{section.6}% 21
\BOOKMARK [2][-]{subsection.6.8}{\376\377\000I\000n\000t\000e\000r\000p\000r\000e\000t\000a\000c\000i\000\363\000n\000\040\000c\000o\000n\000c\000e\000p\000t\000u\000a\000l}{section.6}% 22
\BOOKMARK [2][-]{subsection.6.9}{\376\377\000C\000o\000n\000s\000e\000c\000u\000e\000n\000c\000i\000a\000\040\000p\000a\000r\000a\000\040\000u\000n\000a\000\040\000m\000i\000g\000r\000a\000c\000i\000\363\000n\000\040\000a\000\040\000o\000t\000r\000a\000\040\000c\000u\000r\000v\000a}{section.6}% 23
\BOOKMARK [1][-]{section.7}{\376\377\000E\000n\000d\000o\000m\000o\000r\000f\000i\000s\000m\000o\000\040\000G\000L\000V}{}% 24
\BOOKMARK [2][-]{subsection.7.1}{\376\377\000I\000m\000p\000a\000c\000t\000o\000\040\000e\000n\000\040\000M\000S\000M\000\040\000y\000\040\000a\000l\000g\000o\000r\000i\000t\000m\000o\000\040\000d\000e\000\040\000P\000i\000p\000p\000e\000n\000g\000e\000r}{section.7}% 25
\BOOKMARK [2][-]{subsection.7.2}{\376\377\000D\000e\000s\000a\000f\000\355\000o\000s\000\040\000e\000n\000\040\000R\000u\000s\000t}{section.7}% 26
\BOOKMARK [1][-]{section.8}{\376\377\000L\000e\000a\000n\000I\000M\000T}{}% 27
\BOOKMARK [1][-]{section.9}{\376\377\000V\000a\000l\000i\000d\000a\000d\000o\000r\000e\000s\000\040\000e\000n\000\040\000C\000a\000r\000d\000a\000n\000o}{}% 28
\BOOKMARK [2][-]{subsection.9.1}{\376\377\000A\000r\000q\000u\000i\000t\000e\000c\000t\000u\000r\000a}{section.9}% 29
\BOOKMARK [2][-]{subsection.9.2}{\376\377\000P\000r\000o\000b\000l\000e\000m\000a\000\040\000d\000e\000\040\000n\000u\000l\000l\000i\000f\000i\000e\000r\000s}{section.9}% 30
\BOOKMARK [1][-]{section.10}{\376\377\000T\000r\000u\000s\000t\000e\000d\000\040\000S\000e\000t\000u\000p}{}% 31
\BOOKMARK [1][-]{section.11}{\376\377\000R\000e\000s\000u\000m\000e\000n}{}% 32
\BOOKMARK [2][-]{subsection.11.1}{\376\377\000C\000o\000s\000a\000s\000\040\000a\000\040\000h\000a\000c\000e\000r}{section.11}% 33
\BOOKMARK [2][-]{subsection.11.2}{\376\377\000E\000s\000t\000i\000m\000a\000c\000i\000\363\000n}{section.11}% 34
